Thu Jul 05 15:17:09 JST 2012	[Microsoft][ODBC Microsoft Access Driver] ネットワークへのアクセスが中断されました。続行するには、データベースをいったん閉じて、開き直してください。
Thu Jul 05 15:58:10 JST 2012	[Microsoft][ODBC Microsoft Access Driver] 入力テーブルまたはクエリ 'pcode' が見つかりませんでした。そのテーブルやクエリが存在していること、または名前が正しいことを確認してください。
Tue Jul 10 13:57:53 JST 2012	[Microsoft][ODBC Microsoft Access Driver] 入力テーブルまたはクエリ 'pcode' が見つかりませんでした。そのテーブルやクエリが存在していること、または名前が正しいことを確認してください。
Wed Jul 11 13:16:52 JST 2012	[Microsoft][ODBC Microsoft Access Driver] 入力テーブルまたはクエリ 'pcode' が見つかりませんでした。そのテーブルやクエリが存在していること、または名前が正しいことを確認してください。
Wed Jul 11 15:50:29 JST 2012	[Microsoft][ODBC Microsoft Access Driver] ネットワークへのアクセスが中断されました。続行するには、データベースをいったん閉じて、開き直してください。
Thu Jul 12 13:08:45 JST 2012	[Microsoft][ODBC Microsoft Access Driver] ネットワークへのアクセスが中断されました。続行するには、データベースをいったん閉じて、開き直してください。
Thu Jul 19 16:56:28 JST 2012	[Microsoft][ODBC Microsoft Access Driver] 入力テーブルまたはクエリ 'pcode' が見つかりませんでした。そのテーブルやクエリが存在していること、または名前が正しいことを確認してください。
Wed Jul 25 16:18:02 JST 2012	[Microsoft][ODBC Microsoft Access Driver] 入力テーブルまたはクエリ 'pcode' が見つかりませんでした。そのテーブルやクエリが存在していること、または名前が正しいことを確認してください。
Thu Jul 26 11:49:26 JST 2012	[Microsoft][ODBC Microsoft Access Driver] ネットワークへのアクセスが中断されました。続行するには、データベースをいったん閉じて、開き直してください。
Tue Aug 07 17:00:55 JST 2012	[Microsoft][ODBC Microsoft Access Driver] 入力テーブルまたはクエリ 'pcode' が見つかりませんでした。そのテーブルやクエリが存在していること、または名前が正しいことを確認してください。
Wed Aug 08 13:20:07 JST 2012	[Microsoft][ODBC Microsoft Access Driver] 入力テーブルまたはクエリ 'pcode' が見つかりませんでした。そのテーブルやクエリが存在していること、または名前が正しいことを確認してください。
Thu Aug 30 14:10:48 JST 2012	[Microsoft][ODBC Microsoft Access Driver] 入力テーブルまたはクエリ 'pcode' が見つかりませんでした。そのテーブルやクエリが存在していること、または名前が正しいことを確認してください。
Thu Sep 06 13:09:10 JST 2012	[Microsoft][ODBC Microsoft Access Driver] ネットワークへのアクセスが中断されました。続行するには、データベースをいったん閉じて、開き直してください。
Tue Sep 18 10:29:36 JST 2012	[Microsoft][ODBC Microsoft Access Driver] ネットワークへのアクセスが中断されました。続行するには、データベースをいったん閉じて、開き直してください。
Tue Oct 09 13:14:03 JST 2012	[Microsoft][ODBC Microsoft Access Driver] ネットワークへのアクセスが中断されました。続行するには、データベースをいったん閉じて、開き直してください。
Thu Oct 18 13:01:14 JST 2012	[Microsoft][ODBC Microsoft Access Driver] ネットワークへのアクセスが中断されました。続行するには、データベースをいったん閉じて、開き直してください。
Thu Oct 18 13:01:14 JST 2012	[Microsoft][ODBC Microsoft Access Driver] ネットワークへのアクセスが中断されました。続行するには、データベースをいったん閉じて、開き直してください。
Thu Oct 18 13:01:14 JST 2012	[Microsoft][ODBC Microsoft Access Driver] ネットワークへのアクセスが中断されました。続行するには、データベースをいったん閉じて、開き直してください。
Thu Oct 18 13:01:14 JST 2012	[Microsoft][ODBC Microsoft Access Driver] ネットワークへのアクセスが中断されました。続行するには、データベースをいったん閉じて、開き直してください。
Thu Oct 18 13:01:14 JST 2012	[Microsoft][ODBC Microsoft Access Driver] ネットワークへのアクセスが中断されました。続行するには、データベースをいったん閉じて、開き直してください。
Tue Oct 23 14:35:55 JST 2012	[Microsoft][ODBC Microsoft Access Driver] 入力テーブルまたはクエリ 'pcode' が見つかりませんでした。そのテーブルやクエリが存在していること、または名前が正しいことを確認してください。
Thu Oct 25 11:34:51 JST 2012	[Microsoft][ODBC Microsoft Access Driver] 入力テーブルまたはクエリ 'mcode' が見つかりませんでした。そのテーブルやクエリが存在していること、または名前が正しいことを確認してください。
Fri Oct 26 14:05:25 JST 2012	[Microsoft][ODBC Microsoft Access Driver] ネットワークへのアクセスが中断されました。続行するには、データベースをいったん閉じて、開き直してください。
Thu Nov 15 16:46:12 JST 2012	[Microsoft][ODBC Microsoft Access Driver] 入力テーブルまたはクエリ 'pcode' が見つかりませんでした。そのテーブルやクエリが存在していること、または名前が正しいことを確認してください。
Tue Dec 11 13:33:20 JST 2012	[Microsoft][ODBC Microsoft Access Driver] 入力テーブルまたはクエリ 'pcode' が見つかりませんでした。そのテーブルやクエリが存在していること、または名前が正しいことを確認してください。
Thu Dec 13 09:53:09 JST 2012	[Microsoft][ODBC Microsoft Access Driver] 入力テーブルまたはクエリ 'pcode' が見つかりませんでした。そのテーブルやクエリが存在していること、または名前が正しいことを確認してください。
Thu Dec 20 13:06:08 JST 2012	[Microsoft][ODBC Microsoft Access Driver] ネットワークへのアクセスが中断されました。続行するには、データベースをいったん閉じて、開き直してください。
Wed Dec 26 15:10:05 JST 2012	[Microsoft][ODBC Microsoft Access Driver] 入力テーブルまたはクエリ 'mcode' が見つかりませんでした。そのテーブルやクエリが存在していること、または名前が正しいことを確認してください。
Wed Dec 26 15:10:09 JST 2012	[Microsoft][ODBC Microsoft Access Driver] 入力テーブルまたはクエリ 'mcode' が見つかりませんでした。そのテーブルやクエリが存在していること、または名前が正しいことを確認してください。
Tue Jan 08 13:57:41 JST 2013	[Microsoft][ODBC Microsoft Access Driver] ネットワークへのアクセスが中断されました。続行するには、データベースをいったん閉じて、開き直してください。
Thu Jan 10 13:49:19 JST 2013	[Microsoft][ODBC Microsoft Access Driver] ネットワークへのアクセスが中断されました。続行するには、データベースをいったん閉じて、開き直してください。
Tue Jan 15 15:25:55 JST 2013	[Microsoft][ODBC Microsoft Access Driver] ネットワークへのアクセスが中断されました。続行するには、データベースをいったん閉じて、開き直してください。
Tue Jan 15 15:25:55 JST 2013	[Microsoft][ODBC Microsoft Access Driver] ネットワークへのアクセスが中断されました。続行するには、データベースをいったん閉じて、開き直してください。
Tue Jan 15 15:25:55 JST 2013	[Microsoft][ODBC Microsoft Access Driver] ネットワークへのアクセスが中断されました。続行するには、データベースをいったん閉じて、開き直してください。
Tue Jan 15 15:25:55 JST 2013	[Microsoft][ODBC Microsoft Access Driver] ネットワークへのアクセスが中断されました。続行するには、データベースをいったん閉じて、開き直してください。
Tue Jan 15 15:25:55 JST 2013	[Microsoft][ODBC Microsoft Access Driver] ネットワークへのアクセスが中断されました。続行するには、データベースをいったん閉じて、開き直してください。
Tue Jan 29 15:54:31 JST 2013	[Microsoft][ODBC Microsoft Access Driver] 入力テーブルまたはクエリ 'pcode' が見つかりませんでした。そのテーブルやクエリが存在していること、または名前が正しいことを確認してください。
Fri Feb 08 09:13:07 JST 2013	[Microsoft][ODBC Microsoft Access Driver] 入力テーブルまたはクエリ 'mcode' が見つかりませんでした。そのテーブルやクエリが存在していること、または名前が正しいことを確認してください。
Fri Feb 08 15:38:33 JST 2013	[Microsoft][ODBC Microsoft Access Driver] 入力テーブルまたはクエリ 'pcode' が見つかりませんでした。そのテーブルやクエリが存在していること、または名前が正しいことを確認してください。
Tue Feb 12 13:04:28 JST 2013	[Microsoft][ODBC Microsoft Access Driver] ネットワークへのアクセスが中断されました。続行するには、データベースをいったん閉じて、開き直してください。
Wed Mar 06 15:27:11 JST 2013	[Microsoft][ODBC Microsoft Access Driver] ネットワークへのアクセスが中断されました。続行するには、データベースをいったん閉じて、開き直してください。
Fri Mar 15 17:09:18 JST 2013	[Microsoft][ODBC Microsoft Access Driver] ネットワークへのアクセスが中断されました。続行するには、データベースをいったん閉じて、開き直してください。
Thu Mar 21 09:35:42 JST 2013	[Microsoft][ODBC Microsoft Access Driver] 入力テーブルまたはクエリ 'pcode' が見つかりませんでした。そのテーブルやクエリが存在していること、または名前が正しいことを確認してください。
Fri May 24 10:29:17 JST 2013	[Microsoft][ODBC Microsoft Access Driver] ネットワークへのアクセスが中断されました。続行するには、データベースをいったん閉じて、開き直してください。
Fri May 24 10:30:07 JST 2013	[Microsoft][ODBC Microsoft Access Driver] ネットワークへのアクセスが中断されました。続行するには、データベースをいったん閉じて、開き直してください。
Mon Jun 03 13:08:08 JST 2013	[Microsoft][ODBC Microsoft Access Driver] 入力テーブルまたはクエリ 'pcode' が見つかりませんでした。そのテーブルやクエリが存在していること、または名前が正しいことを確認してください。
Wed Jun 05 09:01:23 JST 2013	[Microsoft][ODBC Microsoft Access Driver] 入力テーブルまたはクエリ 'pcode' が見つかりませんでした。そのテーブルやクエリが存在していること、または名前が正しいことを確認してください。
Tue Jun 11 16:43:54 JST 2013	[Microsoft][ODBC Microsoft Access Driver] ネットワークへのアクセスが中断されました。続行するには、データベースをいったん閉じて、開き直してください。
Fri Jun 14 09:31:35 JST 2013	[Microsoft][ODBC Microsoft Access Driver] ブックマークが正しくありません。
Mon Jun 24 17:00:19 JST 2013	[Microsoft][ODBC Microsoft Access Driver] 入力テーブルまたはクエリ 'pcode' が見つかりませんでした。そのテーブルやクエリが存在していること、または名前が正しいことを確認してください。
Wed Sep 11 14:39:54 JST 2013	[Microsoft][ODBC Microsoft Access Driver] 入力テーブルまたはクエリ 'pcode' が見つかりませんでした。そのテーブルやクエリが存在していること、または名前が正しいことを確認してください。
Mon Nov 25 15:27:07 JST 2013	[Microsoft][ODBC Microsoft Access Driver] ネットワークへのアクセスが中断されました。続行するには、データベースをいったん閉じて、開き直してください。
Wed Jan 15 09:41:24 JST 2014	[Microsoft][ODBC Microsoft Access Driver] 入力テーブルまたはクエリ 'pcode' が見つかりませんでした。そのテーブルやクエリが存在していること、または名前が正しいことを確認してください。
Wed Jan 15 09:41:32 JST 2014	[Microsoft][ODBC Microsoft Access Driver] 入力テーブルまたはクエリ 'pcode' が見つかりませんでした。そのテーブルやクエリが存在していること、または名前が正しいことを確認してください。
Wed Jan 15 09:41:44 JST 2014	[Microsoft][ODBC Microsoft Access Driver] 入力テーブルまたはクエリ 'pcode' が見つかりませんでした。そのテーブルやクエリが存在していること、または名前が正しいことを確認してください。
Wed Jan 15 09:41:59 JST 2014	[Microsoft][ODBC Microsoft Access Driver] 入力テーブルまたはクエリ 'pcode' が見つかりませんでした。そのテーブルやクエリが存在していること、または名前が正しいことを確認してください。
Thu Jan 16 11:24:35 JST 2014	[Microsoft][ODBC Microsoft Access Driver] 入力テーブルまたはクエリ 'pcode' が見つかりませんでした。そのテーブルやクエリが存在していること、または名前が正しいことを確認してください。
Tue Feb 18 09:12:41 JST 2014	[Microsoft][ODBC Microsoft Access Driver] ネットワークへのアクセスが中断されました。続行するには、データベースをいったん閉じて、開き直してください。
Tue Feb 18 09:12:41 JST 2014	[Microsoft][ODBC Microsoft Access Driver] ネットワークへのアクセスが中断されました。続行するには、データベースをいったん閉じて、開き直してください。
Tue Feb 18 09:12:41 JST 2014	[Microsoft][ODBC Microsoft Access Driver] ネットワークへのアクセスが中断されました。続行するには、データベースをいったん閉じて、開き直してください。
Tue Feb 18 09:12:41 JST 2014	[Microsoft][ODBC Microsoft Access Driver] ネットワークへのアクセスが中断されました。続行するには、データベースをいったん閉じて、開き直してください。
Tue Feb 18 09:12:41 JST 2014	[Microsoft][ODBC Microsoft Access Driver] ネットワークへのアクセスが中断されました。続行するには、データベースをいったん閉じて、開き直してください。
Wed Apr 16 13:02:54 JST 2014	[Microsoft][ODBC Microsoft Access Driver] 入力テーブルまたはクエリ 'pcode' が見つかりませんでした。そのテーブルやクエリが存在していること、または名前が正しいことを確認してください。
Wed Apr 16 13:04:35 JST 2014	[Microsoft][ODBC Microsoft Access Driver] 入力テーブルまたはクエリ 'pcode' が見つかりませんでした。そのテーブルやクエリが存在していること、または名前が正しいことを確認してください。
Wed Apr 16 13:04:39 JST 2014	[Microsoft][ODBC Microsoft Access Driver] 入力テーブルまたはクエリ 'pcode' が見つかりませんでした。そのテーブルやクエリが存在していること、または名前が正しいことを確認してください。
Wed Apr 16 13:05:03 JST 2014	[Microsoft][ODBC Microsoft Access Driver] 入力テーブルまたはクエリ 'pcode' が見つかりませんでした。そのテーブルやクエリが存在していること、または名前が正しいことを確認してください。
Wed Apr 16 14:47:27 JST 2014	[Microsoft][ODBC Microsoft Access Driver] 入力テーブルまたはクエリ 'pcode' が見つかりませんでした。そのテーブルやクエリが存在していること、または名前が正しいことを確認してください。
Wed Apr 16 14:47:31 JST 2014	[Microsoft][ODBC Microsoft Access Driver] 入力テーブルまたはクエリ 'pcode' が見つかりませんでした。そのテーブルやクエリが存在していること、または名前が正しいことを確認してください。
Wed Apr 16 14:47:44 JST 2014	[Microsoft][ODBC Microsoft Access Driver] 入力テーブルまたはクエリ 'pcode' が見つかりませんでした。そのテーブルやクエリが存在していること、または名前が正しいことを確認してください。
Wed Apr 16 14:47:53 JST 2014	[Microsoft][ODBC Microsoft Access Driver] 入力テーブルまたはクエリ 'pcode' が見つかりませんでした。そのテーブルやクエリが存在していること、または名前が正しいことを確認してください。
Wed Apr 16 14:48:02 JST 2014	[Microsoft][ODBC Microsoft Access Driver] 入力テーブルまたはクエリ 'pcode' が見つかりませんでした。そのテーブルやクエリが存在していること、または名前が正しいことを確認してください。
Thu Apr 24 11:50:23 JST 2014	[Microsoft][ODBC Microsoft Access Driver] 入力テーブルまたはクエリ 'pcode' が見つかりませんでした。そのテーブルやクエリが存在していること、または名前が正しいことを確認してください。
Thu Apr 24 11:50:25 JST 2014	[Microsoft][ODBC Microsoft Access Driver] 入力テーブルまたはクエリ 'pcode' が見つかりませんでした。そのテーブルやクエリが存在していること、または名前が正しいことを確認してください。
Thu Apr 24 11:50:35 JST 2014	[Microsoft][ODBC Microsoft Access Driver] 入力テーブルまたはクエリ 'pcode' が見つかりませんでした。そのテーブルやクエリが存在していること、または名前が正しいことを確認してください。
Thu Apr 24 15:56:50 JST 2014	[Microsoft][ODBC Microsoft Access Driver] 入力テーブルまたはクエリ 'mcode' が見つかりませんでした。そのテーブルやクエリが存在していること、または名前が正しいことを確認してください。
Thu Apr 24 15:56:51 JST 2014	[Microsoft][ODBC Microsoft Access Driver] 入力テーブルまたはクエリ 'mcode' が見つかりませんでした。そのテーブルやクエリが存在していること、または名前が正しいことを確認してください。
Thu Apr 24 15:56:52 JST 2014	[Microsoft][ODBC Microsoft Access Driver] 入力テーブルまたはクエリ 'mcode' が見つかりませんでした。そのテーブルやクエリが存在していること、または名前が正しいことを確認してください。
Thu Apr 24 15:56:53 JST 2014	[Microsoft][ODBC Microsoft Access Driver] 入力テーブルまたはクエリ 'mcode' が見つかりませんでした。そのテーブルやクエリが存在していること、または名前が正しいことを確認してください。
Thu Apr 24 15:56:53 JST 2014	[Microsoft][ODBC Microsoft Access Driver] 入力テーブルまたはクエリ 'mcode' が見つかりませんでした。そのテーブルやクエリが存在していること、または名前が正しいことを確認してください。
Thu Apr 24 15:56:53 JST 2014	[Microsoft][ODBC Microsoft Access Driver] 入力テーブルまたはクエリ 'mcode' が見つかりませんでした。そのテーブルやクエリが存在していること、または名前が正しいことを確認してください。
Thu May 08 15:42:45 JST 2014	[Microsoft][ODBC Microsoft Access Driver] 入力テーブルまたはクエリ 'mcode' が見つかりませんでした。そのテーブルやクエリが存在していること、または名前が正しいことを確認してください。
Thu May 15 09:34:43 JST 2014	[Microsoft][ODBC Microsoft Access Driver] 入力テーブルまたはクエリ 'mcode' が見つかりませんでした。そのテーブルやクエリが存在していること、または名前が正しいことを確認してください。
Mon May 26 11:27:08 JST 2014	[Microsoft][ODBC Microsoft Access Driver] 入力テーブルまたはクエリ 'mcode' が見つかりませんでした。そのテーブルやクエリが存在していること、または名前が正しいことを確認してください。
Mon May 26 11:27:18 JST 2014	[Microsoft][ODBC Microsoft Access Driver] 入力テーブルまたはクエリ 'mcode' が見つかりませんでした。そのテーブルやクエリが存在していること、または名前が正しいことを確認してください。
Mon May 26 11:27:41 JST 2014	[Microsoft][ODBC Microsoft Access Driver] 入力テーブルまたはクエリ 'mcode' が見つかりませんでした。そのテーブルやクエリが存在していること、または名前が正しいことを確認してください。
Mon May 26 11:27:54 JST 2014	[Microsoft][ODBC Microsoft Access Driver] ネットワークへのアクセスが中断されました。続行するには、データベースをいったん閉じて、開き直してください。
Mon May 26 11:27:55 JST 2014	[Microsoft][ODBC Microsoft Access Driver] 入力テーブルまたはクエリ 'pcode' が見つかりませんでした。そのテーブルやクエリが存在していること、または名前が正しいことを確認してください。
Fri Jun 20 16:33:40 JST 2014	[Microsoft][ODBC Microsoft Access Driver] 入力テーブルまたはクエリ 'pcode' が見つかりませんでした。そのテーブルやクエリが存在していること、または名前が正しいことを確認してください。
Tue Oct 21 10:55:04 JST 2014	[Microsoft][ODBC Microsoft Access Driver] パターン文字列が正しくありません。
Thu Nov 27 10:24:33 JST 2014	[Microsoft][ODBC Microsoft Access Driver] 入力テーブルまたはクエリ 'pcode' が見つかりませんでした。そのテーブルやクエリが存在していること、または名前が正しいことを確認してください。
Thu Nov 27 10:37:06 JST 2014	[Microsoft][ODBC Microsoft Access Driver] クエリの値と出力するフィールドの数が一致しません。
Thu Nov 27 10:37:28 JST 2014	[Microsoft][ODBC Microsoft Access Driver] クエリの値と出力するフィールドの数が一致しません。
Fri Feb 27 16:58:47 JST 2015	[Microsoft][ODBC Microsoft Access Driver] 入力テーブルまたはクエリ 'pcode' が見つかりませんでした。そのテーブルやクエリが存在していること、または名前が正しいことを確認してください。
Mon May 18 13:43:59 JST 2015	[Microsoft][ODBC Microsoft Access Driver] ネットワークへのアクセスが中断されました。続行するには、データベースをいったん閉じて、開き直してください。
Mon May 18 13:43:59 JST 2015	[Microsoft][ODBC Microsoft Access Driver] ネットワークへのアクセスが中断されました。続行するには、データベースをいったん閉じて、開き直してください。
Mon May 18 13:43:59 JST 2015	[Microsoft][ODBC Microsoft Access Driver] ネットワークへのアクセスが中断されました。続行するには、データベースをいったん閉じて、開き直してください。
Mon May 18 13:43:59 JST 2015	[Microsoft][ODBC Microsoft Access Driver] ネットワークへのアクセスが中断されました。続行するには、データベースをいったん閉じて、開き直してください。
Mon May 18 13:43:59 JST 2015	[Microsoft][ODBC Microsoft Access Driver] ネットワークへのアクセスが中断されました。続行するには、データベースをいったん閉じて、開き直してください。
Fri Jul 24 12:06:54 JST 2015	[Microsoft][ODBC Microsoft Access Driver] ネットワークへのアクセスが中断されました。続行するには、データベースをいったん閉じて、開き直してください。
Fri Jul 24 12:06:55 JST 2015	[Microsoft][ODBC Microsoft Access Driver] 入力テーブルまたはクエリ 'pcode' が見つかりませんでした。そのテーブルやクエリが存在していること、または名前が正しいことを確認してください。
Fri Jul 24 13:21:42 JST 2015	[Microsoft][ODBC Microsoft Access Driver] 入力テーブルまたはクエリ 'pcode' が見つかりませんでした。そのテーブルやクエリが存在していること、または名前が正しいことを確認してください。
Wed Aug 26 13:16:30 JST 2015	[Microsoft][ODBC Microsoft Access Driver] 入力テーブルまたはクエリ 'pcode' が見つかりませんでした。そのテーブルやクエリが存在していること、または名前が正しいことを確認してください。
Wed Aug 26 13:16:38 JST 2015	[Microsoft][ODBC Microsoft Access Driver] 入力テーブルまたはクエリ 'pcode' が見つかりませんでした。そのテーブルやクエリが存在していること、または名前が正しいことを確認してください。
Wed Aug 26 13:16:53 JST 2015	[Microsoft][ODBC Microsoft Access Driver] 入力テーブルまたはクエリ 'pcode' が見つかりませんでした。そのテーブルやクエリが存在していること、または名前が正しいことを確認してください。
Fri Oct 02 16:40:51 JST 2015	[Microsoft][ODBC Microsoft Access Driver] 入力テーブルまたはクエリ 'pcode' が見つかりませんでした。そのテーブルやクエリが存在していること、または名前が正しいことを確認してください。
Fri Oct 02 16:41:00 JST 2015	[Microsoft][ODBC Microsoft Access Driver] 入力テーブルまたはクエリ 'pcode' が見つかりませんでした。そのテーブルやクエリが存在していること、または名前が正しいことを確認してください。
Fri Oct 02 16:41:02 JST 2015	[Microsoft][ODBC Microsoft Access Driver] 入力テーブルまたはクエリ 'pcode' が見つかりませんでした。そのテーブルやクエリが存在していること、または名前が正しいことを確認してください。
Fri Oct 02 16:41:02 JST 2015	[Microsoft][ODBC Microsoft Access Driver] 入力テーブルまたはクエリ 'pcode' が見つかりませんでした。そのテーブルやクエリが存在していること、または名前が正しいことを確認してください。
Fri Oct 02 16:41:18 JST 2015	[Microsoft][ODBC Microsoft Access Driver] 入力テーブルまたはクエリ 'pcode' が見つかりませんでした。そのテーブルやクエリが存在していること、または名前が正しいことを確認してください。
Fri Oct 02 16:41:20 JST 2015	[Microsoft][ODBC Microsoft Access Driver] 入力テーブルまたはクエリ 'pcode' が見つかりませんでした。そのテーブルやクエリが存在していること、または名前が正しいことを確認してください。
Tue Nov 10 12:15:39 JST 2015	[Microsoft][ODBC Microsoft Access Driver] 入力テーブルまたはクエリ 'mcode' が見つかりませんでした。そのテーブルやクエリが存在していること、または名前が正しいことを確認してください。
Tue Nov 10 12:15:48 JST 2015	[Microsoft][ODBC Microsoft Access Driver] ネットワークへのアクセスが中断されました。続行するには、データベースをいったん閉じて、開き直してください。
Fri Feb 05 16:58:20 JST 2016	[Microsoft][ODBC Microsoft Access Driver] 入力テーブルまたはクエリ 'pcode' が見つかりませんでした。そのテーブルやクエリが存在していること、または名前が正しいことを確認してください。
Fri Feb 05 16:58:37 JST 2016	[Microsoft][ODBC Microsoft Access Driver] 入力テーブルまたはクエリ 'pcode' が見つかりませんでした。そのテーブルやクエリが存在していること、または名前が正しいことを確認してください。
Tue Apr 26 09:51:24 JST 2016	[Microsoft][ODBC Microsoft Access Driver] クエリの値と出力するフィールドの数が一致しません。
Tue Apr 26 16:16:18 JST 2016	[Microsoft][ODBC Microsoft Access Driver] ネットワークへのアクセスが中断されました。続行するには、データベースをいったん閉じて、開き直してください。
Tue Apr 26 16:16:19 JST 2016	[Microsoft][ODBC Microsoft Access Driver] 入力テーブルまたはクエリ 'pcode' が見つかりませんでした。そのテーブルやクエリが存在していること、または名前が正しいことを確認してください。
Tue May 17 10:16:44 JST 2016	[Microsoft][ODBC Microsoft Access Driver] ネットワークへのアクセスが中断されました。続行するには、データベースをいったん閉じて、開き直してください。
Tue May 17 10:16:54 JST 2016	[Microsoft][ODBC Microsoft Access Driver] 入力テーブルまたはクエリ 'mcode' が見つかりませんでした。そのテーブルやクエリが存在していること、または名前が正しいことを確認してください。
Tue May 17 10:17:03 JST 2016	[Microsoft][ODBC Microsoft Access Driver] 入力テーブルまたはクエリ 'mcode' が見つかりませんでした。そのテーブルやクエリが存在していること、または名前が正しいことを確認してください。
Tue May 17 10:17:09 JST 2016	[Microsoft][ODBC Microsoft Access Driver] 入力テーブルまたはクエリ 'pcode' が見つかりませんでした。そのテーブルやクエリが存在していること、または名前が正しいことを確認してください。
Tue May 17 10:17:27 JST 2016	[Microsoft][ODBC Microsoft Access Driver] 入力テーブルまたはクエリ 'pcode' が見つかりませんでした。そのテーブルやクエリが存在していること、または名前が正しいことを確認してください。
Wed Jun 15 09:50:22 JST 2016	[Microsoft][ODBC Microsoft Access Driver] 入力テーブルまたはクエリ 'pcode' が見つかりませんでした。そのテーブルやクエリが存在していること、または名前が正しいことを確認してください。
Fri Jul 01 13:33:03 JST 2016	[Microsoft][ODBC Microsoft Access Driver] 入力テーブルまたはクエリ 'pcode' が見つかりませんでした。そのテーブルやクエリが存在していること、または名前が正しいことを確認してください。
Fri Jul 01 13:37:30 JST 2016	[Microsoft][ODBC Microsoft Access Driver] 入力テーブルまたはクエリ 'mcode' が見つかりませんでした。そのテーブルやクエリが存在していること、または名前が正しいことを確認してください。
Tue Jul 05 15:16:07 JST 2016	[Microsoft][ODBC Microsoft Access Driver] ネットワークへのアクセスが中断されました。続行するには、データベースをいったん閉じて、開き直してください。
Tue Jul 19 11:39:13 JST 2016	[Microsoft][ODBC Microsoft Access Driver] 入力テーブルまたはクエリ 'pcode' が見つかりませんでした。そのテーブルやクエリが存在していること、または名前が正しいことを確認してください。
Tue Jul 19 11:39:25 JST 2016	[Microsoft][ODBC Microsoft Access Driver] 入力テーブルまたはクエリ 'pcode' が見つかりませんでした。そのテーブルやクエリが存在していること、または名前が正しいことを確認してください。
Tue Jul 19 11:39:26 JST 2016	[Microsoft][ODBC Microsoft Access Driver] 入力テーブルまたはクエリ 'pcode' が見つかりませんでした。そのテーブルやクエリが存在していること、または名前が正しいことを確認してください。
Fri Jul 22 15:27:28 JST 2016	[Microsoft][ODBC Microsoft Access Driver] 入力テーブルまたはクエリ 'pcode' が見つかりませんでした。そのテーブルやクエリが存在していること、または名前が正しいことを確認してください。
Fri Jul 22 15:27:33 JST 2016	[Microsoft][ODBC Microsoft Access Driver] 入力テーブルまたはクエリ 'pcode' が見つかりませんでした。そのテーブルやクエリが存在していること、または名前が正しいことを確認してください。
Thu Sep 08 09:32:17 JST 2016	[Microsoft][ODBC Microsoft Access Driver] 入力テーブルまたはクエリ 'pcode' が見つかりませんでした。そのテーブルやクエリが存在していること、または名前が正しいことを確認してください。
Thu Sep 08 15:54:09 JST 2016	[Microsoft][ODBC Microsoft Access Driver] 入力テーブルまたはクエリ 'pcode' が見つかりませんでした。そのテーブルやクエリが存在していること、または名前が正しいことを確認してください。
Thu Sep 08 15:54:13 JST 2016	[Microsoft][ODBC Microsoft Access Driver] 入力テーブルまたはクエリ 'pcode' が見つかりませんでした。そのテーブルやクエリが存在していること、または名前が正しいことを確認してください。
Thu Sep 08 15:54:18 JST 2016	[Microsoft][ODBC Microsoft Access Driver] 入力テーブルまたはクエリ 'pcode' が見つかりませんでした。そのテーブルやクエリが存在していること、または名前が正しいことを確認してください。
Thu Sep 08 15:54:27 JST 2016	[Microsoft][ODBC Microsoft Access Driver] 入力テーブルまたはクエリ 'mcode' が見つかりませんでした。そのテーブルやクエリが存在していること、または名前が正しいことを確認してください。
Thu Sep 08 15:54:31 JST 2016	[Microsoft][ODBC Microsoft Access Driver] 入力テーブルまたはクエリ 'mcode' が見つかりませんでした。そのテーブルやクエリが存在していること、または名前が正しいことを確認してください。
Tue Sep 20 14:39:59 JST 2016	[Microsoft][ODBC Microsoft Access Driver] クエリの値と出力するフィールドの数が一致しません。
Fri Sep 30 10:18:43 JST 2016	[Microsoft][ODBC Microsoft Access Driver] 入力テーブルまたはクエリ 'flink' が見つかりませんでした。そのテーブルやクエリが存在していること、または名前が正しいことを確認してください。
Tue Oct 04 09:30:08 JST 2016	[Microsoft][ODBC Microsoft Access Driver] 入力テーブルまたはクエリ 'flink' が見つかりませんでした。そのテーブルやクエリが存在していること、または名前が正しいことを確認してください。
Tue Oct 04 09:46:39 JST 2016	[Microsoft][ODBC Microsoft Access Driver] 入力テーブルまたはクエリ 'flink' が見つかりませんでした。そのテーブルやクエリが存在していること、または名前が正しいことを確認してください。
Fri Nov 11 16:22:28 JST 2016	[Microsoft][ODBC Microsoft Access Driver] 入力テーブルまたはクエリ 'pcode' が見つかりませんでした。そのテーブルやクエリが存在していること、または名前が正しいことを確認してください。
Sat Jan 07 13:51:59 JST 2017	[Microsoft][ODBC Microsoft Access Driver] 入力テーブルまたはクエリ 'pcode' が見つかりませんでした。そのテーブルやクエリが存在していること、または名前が正しいことを確認してください。
Sat Jan 07 13:52:02 JST 2017	[Microsoft][ODBC Microsoft Access Driver] 入力テーブルまたはクエリ 'pcode' が見つかりませんでした。そのテーブルやクエリが存在していること、または名前が正しいことを確認してください。
Sat Jan 07 13:52:13 JST 2017	[Microsoft][ODBC Microsoft Access Driver] 入力テーブルまたはクエリ 'mcode' が見つかりませんでした。そのテーブルやクエリが存在していること、または名前が正しいことを確認してください。
Sat Jan 07 13:52:14 JST 2017	[Microsoft][ODBC Microsoft Access Driver] 入力テーブルまたはクエリ 'mcode' が見つかりませんでした。そのテーブルやクエリが存在していること、または名前が正しいことを確認してください。
Sat Jan 07 13:52:15 JST 2017	[Microsoft][ODBC Microsoft Access Driver] 入力テーブルまたはクエリ 'mcode' が見つかりませんでした。そのテーブルやクエリが存在していること、または名前が正しいことを確認してください。
Thu Jan 12 16:03:58 JST 2017	[Microsoft][ODBC Microsoft Access Driver] 入力テーブルまたはクエリ 'pcode' が見つかりませんでした。そのテーブルやクエリが存在していること、または名前が正しいことを確認してください。
Thu Jan 12 16:04:15 JST 2017	[Microsoft][ODBC Microsoft Access Driver] 入力テーブルまたはクエリ 'mcode' が見つかりませんでした。そのテーブルやクエリが存在していること、または名前が正しいことを確認してください。
Thu Jan 12 16:04:16 JST 2017	[Microsoft][ODBC Microsoft Access Driver] 入力テーブルまたはクエリ 'mcode' が見つかりませんでした。そのテーブルやクエリが存在していること、または名前が正しいことを確認してください。
Thu Jan 12 16:05:02 JST 2017	[Microsoft][ODBC Microsoft Access Driver] 入力テーブルまたはクエリ 'mcode' が見つかりませんでした。そのテーブルやクエリが存在していること、または名前が正しいことを確認してください。
Thu Jan 12 16:06:03 JST 2017	[Microsoft][ODBC Microsoft Access Driver] 入力テーブルまたはクエリ 'pcode' が見つかりませんでした。そのテーブルやクエリが存在していること、または名前が正しいことを確認してください。
Wed Jan 18 14:20:17 JST 2017	[Microsoft][ODBC Microsoft Access Driver] 入力テーブルまたはクエリ 'pcode' が見つかりませんでした。そのテーブルやクエリが存在していること、または名前が正しいことを確認してください。
